{
  "stats": {
    "suites": 1,
    "tests": 6,
    "passes": 6,
    "pending": 0,
    "failures": 0,
    "start": "2025-03-13T14:12:10.813Z",
    "end": "2025-03-13T14:12:11.235Z",
    "duration": 422,
    "testsRegistered": 6,
    "passPercent": 100,
    "pendingPercent": 0,
    "other": 0,
    "hasOther": false,
    "skipped": 0,
    "hasSkipped": false
  },
  "results": [
    {
      "uuid": "4968d2a5-6f7a-40e8-ba9c-a8768b43805d",
      "title": "",
      "fullFile": "cypress\\e2e\\api\\get-premios-e2e.cy.js",
      "file": "cypress\\e2e\\api\\get-premios-e2e.cy.js",
      "beforeHooks": [],
      "afterHooks": [],
      "tests": [],
      "suites": [
        {
          "uuid": "e3e42135-de72-4d91-b3a8-095ba44153d7",
          "title": "Consulta de vencedores da categoria Pior Filme do Golden Raspberry Awards",
          "fullFile": "",
          "file": "",
          "beforeHooks": [],
          "afterHooks": [],
          "tests": [
            {
              "title": "Validar o schema da resposta da API movies",
              "fullTitle": "Consulta de vencedores da categoria Pior Filme do Golden Raspberry Awards Validar o schema da resposta da API movies",
              "timedOut": null,
              "duration": 103,
              "state": "passed",
              "speed": "fast",
              "pass": true,
              "fail": false,
              "pending": false,
              "context": null,
              "code": "cy.api({\n  method: \"GET\",\n  url: \"/movies/\" + id\n}).then(response => {\n  expect(response.status).to.eq(200);\n  expect(response.body.id).to.be.a(\"number\");\n  expect(response.body.year).to.be.a(\"number\");\n  expect(response.body.title).to.be.a(\"string\");\n  expect(response.body.studios).to.be.a(\"string\");\n  expect(response.body.producers).to.be.a(\"string\");\n  expect(response.body.winner).to.be.a(\"boolean\");\n});",
              "err": {},
              "uuid": "df17c9ae-78b8-47e5-a86c-fbb6f17d0dc3",
              "parentUUID": "e3e42135-de72-4d91-b3a8-095ba44153d7",
              "isHook": false,
              "skipped": false
            },
            {
              "title": "Validar os dados retornados na api movie",
              "fullTitle": "Consulta de vencedores da categoria Pior Filme do Golden Raspberry Awards Validar os dados retornados na api movie",
              "timedOut": null,
              "duration": 59,
              "state": "passed",
              "speed": "fast",
              "pass": true,
              "fail": false,
              "pending": false,
              "context": null,
              "code": "cy.api({\n  method: \"GET\",\n  url: \"/movies/\" + id\n}).then(response => {\n  expect(response.status).to.eq(200);\n  expect(response.body.id).to.eq(1);\n  expect(response.body.year).to.eq(1980);\n  expect(response.body.title).to.eq(\"Can't Stop the Music\");\n  expect(response.body.studios).to.eq(\"Associated Film Distribution\");\n  expect(response.body.producers).to.eq(\"Allan Carr\");\n  expect(response.body.winner).to.eq(true);\n});",
              "err": {},
              "uuid": "5bd789ef-9e3d-4989-aeb3-379d9b5df0ba",
              "parentUUID": "e3e42135-de72-4d91-b3a8-095ba44153d7",
              "isHook": false,
              "skipped": false
            },
            {
              "title": "Tentar buscar um filme inexistente",
              "fullTitle": "Consulta de vencedores da categoria Pior Filme do Golden Raspberry Awards Tentar buscar um filme inexistente",
              "timedOut": null,
              "duration": 52,
              "state": "passed",
              "speed": "fast",
              "pass": true,
              "fail": false,
              "pending": false,
              "context": null,
              "code": "cy.api({\n  failOnStatusCode: false,\n  method: \"GET\",\n  url: \"/movies/0\"\n}).then(response => {\n  expect(response.status).to.eq(404);\n});",
              "err": {},
              "uuid": "12944e3f-3079-4961-9f88-cd0b604ae34b",
              "parentUUID": "e3e42135-de72-4d91-b3a8-095ba44153d7",
              "isHook": false,
              "skipped": false
            },
            {
              "title": "Tentar buscar um filme com ID inválido",
              "fullTitle": "Consulta de vencedores da categoria Pior Filme do Golden Raspberry Awards Tentar buscar um filme com ID inválido",
              "timedOut": null,
              "duration": 51,
              "state": "passed",
              "speed": "fast",
              "pass": true,
              "fail": false,
              "pending": false,
              "context": null,
              "code": "cy.api({\n  failOnStatusCode: false,\n  method: \"GET\",\n  url: \"/movies/$$\"\n}).then(response => {\n  expect(response.status).to.eq(400);\n  expect(response.body.error).to.eq(\"Bad Request\");\n});",
              "err": {},
              "uuid": "832a3ac3-921e-4316-9bac-f0063eac998e",
              "parentUUID": "e3e42135-de72-4d91-b3a8-095ba44153d7",
              "isHook": false,
              "skipped": false
            },
            {
              "title": "Realizar busca por filme vencedor",
              "fullTitle": "Consulta de vencedores da categoria Pior Filme do Golden Raspberry Awards Realizar busca por filme vencedor",
              "timedOut": null,
              "duration": 53,
              "state": "passed",
              "speed": "fast",
              "pass": true,
              "fail": false,
              "pending": false,
              "context": null,
              "code": "cy.api({\n  method: \"GET\",\n  url: \"/movies/\" + id\n}).then(response => {\n  expect(response.status).to.eq(200);\n  expect(response.body.winner).to.eq(true);\n});",
              "err": {},
              "uuid": "4db5a99e-2d38-4bc8-8c63-188cefc57ab5",
              "parentUUID": "e3e42135-de72-4d91-b3a8-095ba44153d7",
              "isHook": false,
              "skipped": false
            },
            {
              "title": "Validar que a API responde em menos de 500ms",
              "fullTitle": "Consulta de vencedores da categoria Pior Filme do Golden Raspberry Awards Validar que a API responde em menos de 500ms",
              "timedOut": null,
              "duration": 46,
              "state": "passed",
              "speed": "fast",
              "pass": true,
              "fail": false,
              "pending": false,
              "context": null,
              "code": "cy.api({\n  method: \"GET\",\n  url: \"/movies/\" + id\n}).then(response => {\n  expect(response.duration).to.be.lessThan(500);\n});",
              "err": {},
              "uuid": "1657664e-70d4-4d4c-b37b-d19ef4c49f64",
              "parentUUID": "e3e42135-de72-4d91-b3a8-095ba44153d7",
              "isHook": false,
              "skipped": false
            }
          ],
          "suites": [],
          "passes": [
            "df17c9ae-78b8-47e5-a86c-fbb6f17d0dc3",
            "5bd789ef-9e3d-4989-aeb3-379d9b5df0ba",
            "12944e3f-3079-4961-9f88-cd0b604ae34b",
            "832a3ac3-921e-4316-9bac-f0063eac998e",
            "4db5a99e-2d38-4bc8-8c63-188cefc57ab5",
            "1657664e-70d4-4d4c-b37b-d19ef4c49f64"
          ],
          "failures": [],
          "pending": [],
          "skipped": [],
          "duration": 364,
          "root": false,
          "rootEmpty": false,
          "_timeout": 2000
        }
      ],
      "passes": [],
      "failures": [],
      "pending": [],
      "skipped": [],
      "duration": 0,
      "root": true,
      "rootEmpty": true,
      "_timeout": 2000
    }
  ],
  "meta": {
    "mocha": {
      "version": "7.0.1"
    },
    "mochawesome": {
      "options": {
        "quiet": false,
        "reportFilename": "mochawesome",
        "saveHtml": true,
        "saveJson": true,
        "consoleReporter": "spec",
        "useInlineDiffs": false,
        "code": true
      },
      "version": "7.1.3"
    },
    "marge": {
      "options": {
        "id": "default",
        "reportDir": "joaovn-api/src/api/cypress/reports/allure-results",
        "overwrite": false,
        "html": true,
        "json": true
      },
      "version": "6.2.0"
    }
  }
}