{
  "stats": {
    "suites": 1,
    "tests": 4,
    "passes": 4,
    "pending": 0,
    "failures": 0,
    "start": "2025-03-13T14:15:14.120Z",
    "end": "2025-03-13T14:15:14.475Z",
    "duration": 355,
    "testsRegistered": 4,
    "passPercent": 100,
    "pendingPercent": 0,
    "other": 0,
    "hasOther": false,
    "skipped": 0,
    "hasSkipped": false
  },
  "results": [
    {
      "uuid": "c45336cd-9042-4dea-b25d-fc6d20aef430",
      "title": "",
      "fullFile": "cypress\\e2e\\api\\post-premios-e2e.cy.js",
      "file": "cypress\\e2e\\api\\post-premios-e2e.cy.js",
      "beforeHooks": [],
      "afterHooks": [],
      "tests": [],
      "suites": [
        {
          "uuid": "0efd19bf-7643-401a-9e4f-8ba0ce78275f",
          "title": "Consulta de vencedores da categoria Pior Filme do Golden Raspberry Awards",
          "fullFile": "",
          "file": "",
          "beforeHooks": [],
          "afterHooks": [],
          "tests": [
            {
              "title": "Validar que um novo filme é criado com sucesso",
              "fullTitle": "Consulta de vencedores da categoria Pior Filme do Golden Raspberry Awards Validar que um novo filme é criado com sucesso",
              "timedOut": null,
              "duration": 146,
              "state": "passed",
              "speed": "fast",
              "pass": true,
              "fail": false,
              "pending": false,
              "context": null,
              "code": "cy.api({\n  method: \"POST\",\n  url: \"/movies\",\n  body: body\n}).then(response => {\n  expect(response.status).to.eq(201);\n  expect(response.body.id).to.be.a(\"number\");\n  expect(response.body.year).to.be.a(\"number\");\n  expect(response.body.title).to.be.a(\"string\");\n  expect(response.body.studios).to.be.a(\"string\");\n  expect(response.body.producers).to.be.a(\"string\");\n  expect(response.body.winner).to.be.a(\"boolean\");\n  movieId = response.body.id;\n});",
              "err": {},
              "uuid": "66e1591e-0b65-4aa1-96a9-82bdb632daa0",
              "parentUUID": "0efd19bf-7643-401a-9e4f-8ba0ce78275f",
              "isHook": false,
              "skipped": false
            },
            {
              "title": "Validar que o filme foi criado no GET movies",
              "fullTitle": "Consulta de vencedores da categoria Pior Filme do Golden Raspberry Awards Validar que o filme foi criado no GET movies",
              "timedOut": null,
              "duration": 60,
              "state": "passed",
              "speed": "fast",
              "pass": true,
              "fail": false,
              "pending": false,
              "context": null,
              "code": "cy.api({\n  method: \"GET\",\n  url: `/movies/${movieId}`\n}).then(response => {\n  expect(response.status).to.eq(200);\n  expect(response.body.id).to.eq(movieId);\n});",
              "err": {},
              "uuid": "6ab0ce1e-eb8a-4e43-a3ec-e67fc2a3c14f",
              "parentUUID": "0efd19bf-7643-401a-9e4f-8ba0ce78275f",
              "isHook": false,
              "skipped": false
            },
            {
              "title": "Tentar criar um novo filme não enviando o body",
              "fullTitle": "Consulta de vencedores da categoria Pior Filme do Golden Raspberry Awards Tentar criar um novo filme não enviando o body",
              "timedOut": null,
              "duration": 49,
              "state": "passed",
              "speed": "fast",
              "pass": true,
              "fail": false,
              "pending": false,
              "context": null,
              "code": "cy.api({\n  method: \"POST\",\n  url: \"/movies\",\n  failOnStatusCode: false\n}).then(response => {\n  expect(response.status).to.eq(400);\n  expect(response.body.error).to.eq(\"Bad Request\");\n});",
              "err": {},
              "uuid": "728ce4b0-14dc-4742-bcae-99907027bb8b",
              "parentUUID": "0efd19bf-7643-401a-9e4f-8ba0ce78275f",
              "isHook": false,
              "skipped": false
            },
            {
              "title": "Deve responder em menos de 500ms",
              "fullTitle": "Consulta de vencedores da categoria Pior Filme do Golden Raspberry Awards Deve responder em menos de 500ms",
              "timedOut": null,
              "duration": 51,
              "state": "passed",
              "speed": "fast",
              "pass": true,
              "fail": false,
              "pending": false,
              "context": null,
              "code": "cy.api({\n  method: \"POST\",\n  url: \"/movies\",\n  body: body\n}).then(response => {\n  expect(response.status).to.eq(201);\n  expect(response.duration).to.be.lessThan(500);\n});",
              "err": {},
              "uuid": "fe87d887-0c6a-40d0-956f-1dafa742a81e",
              "parentUUID": "0efd19bf-7643-401a-9e4f-8ba0ce78275f",
              "isHook": false,
              "skipped": false
            }
          ],
          "suites": [],
          "passes": [
            "66e1591e-0b65-4aa1-96a9-82bdb632daa0",
            "6ab0ce1e-eb8a-4e43-a3ec-e67fc2a3c14f",
            "728ce4b0-14dc-4742-bcae-99907027bb8b",
            "fe87d887-0c6a-40d0-956f-1dafa742a81e"
          ],
          "failures": [],
          "pending": [],
          "skipped": [],
          "duration": 306,
          "root": false,
          "rootEmpty": false,
          "_timeout": 2000
        }
      ],
      "passes": [],
      "failures": [],
      "pending": [],
      "skipped": [],
      "duration": 0,
      "root": true,
      "rootEmpty": true,
      "_timeout": 2000
    }
  ],
  "meta": {
    "mocha": {
      "version": "7.0.1"
    },
    "mochawesome": {
      "options": {
        "quiet": false,
        "reportFilename": "mochawesome",
        "saveHtml": true,
        "saveJson": true,
        "consoleReporter": "spec",
        "useInlineDiffs": false,
        "code": true
      },
      "version": "7.1.3"
    },
    "marge": {
      "options": {
        "id": "default",
        "reportDir": "joaovn-api/src/api/cypress/reports/allure-results",
        "overwrite": false,
        "html": true,
        "json": true
      },
      "version": "6.2.0"
    }
  }
}